<?xml version="1.0" encoding="UTF-8"?>
<testng-results skipped="0" failed="0" total="1" passed="1">
  <reporter-output>
  </reporter-output>
  <suite name="work.loginTest" duration-ms="9757" started-at="2015-11-20T09:24:39Z" finished-at="2015-11-20T09:24:48Z">
    <groups>
    </groups>
    <test name="Command line test" duration-ms="9757" started-at="2015-11-20T09:24:39Z" finished-at="2015-11-20T09:24:48Z">
      <class name="work.loginTest">
        <test-method status="PASS" signature="main()[pri:0, instance:work.loginTest@1b6a447]" name="main" duration-ms="9744" started-at="2015-11-20T11:24:39Z" finished-at="2015-11-20T11:24:48Z">
          <reporter-output>
          </reporter-output>
        </test-method> <!-- main -->
      </class> <!-- work.loginTest -->
    </test> <!-- Command line test -->
  </suite> <!-- work.loginTest -->
</testng-results>
