<?xml version="1.0" encoding="UTF-8"?>
<testng-results skipped="0" failed="0" total="1" passed="1">
  <reporter-output>
  </reporter-output>
  <suite name="Default suite" duration-ms="9036" started-at="2015-11-20T09:29:58Z" finished-at="2015-11-20T09:30:07Z">
    <groups>
    </groups>
    <test name="Default test" duration-ms="9036" started-at="2015-11-20T09:29:58Z" finished-at="2015-11-20T09:30:07Z">
      <class name="work.loginTest">
        <test-method status="PASS" signature="test()[pri:0, instance:work.loginTest@73f792cf]" name="test" duration-ms="9018" started-at="2015-11-20T11:29:58Z" finished-at="2015-11-20T11:30:07Z">
          <reporter-output>
          </reporter-output>
        </test-method> <!-- test -->
      </class> <!-- work.loginTest -->
    </test> <!-- Default test -->
  </suite> <!-- Default suite -->
</testng-results>
